# JRE version: OpenJDK Runtime Environment (8.0_232-b09) (build 1.8.0_232-b09)
# Java VM: OpenJDK 64-Bit Server VM (25.232-b09 mixed mode linux-amd64 compressed oops)
Heap:
 PSYoungGen      total 537600K, used 21481K [0x0000000718700000, 0x000000073a900000, 0x00000007c0000000)
  eden space 516096K, 0% used [0x0000000718700000,0x0000000718700000,0x0000000737f00000)
  from space 21504K, 99% used [0x0000000737f00000,0x00000007393fa540,0x0000000739400000)
  to   space 21504K, 0% used [0x0000000739400000,0x0000000739400000,0x000000073a900000)
 ParOldGen       total 344064K, used 124566K [0x00000005c9400000, 0x00000005de400000, 0x0000000718700000)
  object space 344064K, 36% used [0x00000005c9400000,0x00000005d0da5a48,0x00000005de400000)
 Metaspace       used 7755K, capacity 8084K, committed 8320K, reserved 1056768K
  class space    used 683K, capacity 792K, committed 896K, reserved 1048576K
GC Heap History (9 events):
Event: 0.783 GC heap before
{Heap before GC invocations=1 (full 0):
 PSYoungGen      total 150528K, used 129024K [0x0000000718700000, 0x0000000722f00000, 0x00000007c0000000)
  eden space 129024K, 100% used [0x0000000718700000,0x0000000720500000,0x0000000720500000)
  from space 21504K, 0% used [0x0000000721a00000,0x0000000721a00000,0x0000000722f00000)
  to   space 21504K, 0% used [0x0000000720500000,0x0000000720500000,0x0000000721a00000)
 ParOldGen       total 344064K, used 0K [0x00000005c9400000, 0x00000005de400000, 0x0000000718700000)
  object space 344064K, 0% used [0x00000005c9400000,0x00000005c9400000,0x00000005de400000)
 Metaspace       used 3528K, capacity 4908K, committed 5120K, reserved 1056768K
  class space    used 350K, capacity 424K, committed 512K, reserved 1048576K
Event: 0.842 GC heap after
Heap after GC invocations=1 (full 0):
 PSYoungGen      total 150528K, used 21472K [0x0000000718700000, 0x000000072ad00000, 0x00000007c0000000)
  eden space 129024K, 0% used [0x0000000718700000,0x0000000718700000,0x0000000720500000)
  from space 21504K, 99% used [0x0000000720500000,0x00000007219f8150,0x0000000721a00000)
  to   space 21504K, 0% used [0x0000000729800000,0x0000000729800000,0x000000072ad00000)
 ParOldGen       total 344064K, used 13390K [0x00000005c9400000, 0x00000005de400000, 0x0000000718700000)
  object space 344064K, 3% used [0x00000005c9400000,0x00000005ca113b80,0x00000005de400000)
 Metaspace       used 3528K, capacity 4908K, committed 5120K, reserved 1056768K
  class space    used 350K, capacity 424K, committed 512K, reserved 1048576K
}
Event: 1.801 GC heap before
{Heap before GC invocations=2 (full 0):
 PSYoungGen      total 150528K, used 150496K [0x0000000718700000, 0x000000072ad00000, 0x00000007c0000000)
  eden space 129024K, 100% used [0x0000000718700000,0x0000000720500000,0x0000000720500000)
  from space 21504K, 99% used [0x0000000720500000,0x00000007219f8150,0x0000000721a00000)
  to   space 21504K, 0% used [0x0000000729800000,0x0000000729800000,0x000000072ad00000)
 ParOldGen       total 344064K, used 13390K [0x00000005c9400000, 0x00000005de400000, 0x0000000718700000)
  object space 344064K, 3% used [0x00000005c9400000,0x00000005ca113b80,0x00000005de400000)
 Metaspace       used 3660K, capacity 4908K, committed 5120K, reserved 1056768K
  class space    used 359K, capacity 424K, committed 512K, reserved 1048576K
Event: 1.879 GC heap after
Heap after GC invocations=2 (full 0):
 PSYoungGen      total 279552K, used 21481K [0x0000000718700000, 0x000000072ad00000, 0x00000007c0000000)
  eden space 258048K, 0% used [0x0000000718700000,0x0000000718700000,0x0000000728300000)
  from space 21504K, 99% used [0x0000000729800000,0x000000072acfa640,0x000000072ad00000)
  to   space 21504K, 0% used [0x0000000728300000,0x0000000728300000,0x0000000729800000)
 ParOldGen       total 344064K, used 48541K [0x00000005c9400000, 0x00000005de400000, 0x0000000718700000)
  object space 344064K, 14% used [0x00000005c9400000,0x00000005cc367430,0x00000005de400000)
 Metaspace       used 3660K, capacity 4908K, committed 5120K, reserved 1056768K
  class space    used 359K, capacity 424K, committed 512K, reserved 1048576K
}
Event: 7.850 GC heap before
{Heap before GC invocations=3 (full 0):
 PSYoungGen      total 279552K, used 279529K [0x0000000718700000, 0x000000072ad00000, 0x00000007c0000000)
  eden space 258048K, 100% used [0x0000000718700000,0x0000000728300000,0x0000000728300000)
  from space 21504K, 99% used [0x0000000729800000,0x000000072acfa640,0x000000072ad00000)
  to   space 21504K, 0% used [0x0000000728300000,0x0000000728300000,0x0000000729800000)
 ParOldGen       total 344064K, used 48541K [0x00000005c9400000, 0x00000005de400000, 0x0000000718700000)
  object space 344064K, 14% used [0x00000005c9400000,0x00000005cc367430,0x00000005de400000)
 Metaspace       used 6920K, capacity 7164K, committed 7424K, reserved 1056768K
  class space    used 664K, capacity 760K, committed 768K, reserved 1048576K
Event: 8.027 GC heap after
Heap after GC invocations=3 (full 0):
 PSYoungGen      total 279552K, used 21481K [0x0000000718700000, 0x000000073a900000, 0x00000007c0000000)
  eden space 258048K, 0% used [0x0000000718700000,0x0000000718700000,0x0000000728300000)
  from space 21504K, 99% used [0x0000000728300000,0x00000007297fa520,0x0000000729800000)
  to   space 21504K, 0% used [0x0000000739400000,0x0000000739400000,0x000000073a900000)
 ParOldGen       total 344064K, used 115305K [0x00000005c9400000, 0x00000005de400000, 0x0000000718700000)
  object space 344064K, 33% used [0x00000005c9400000,0x00000005d049a638,0x00000005de400000)
 Metaspace       used 6920K, capacity 7164K, committed 7424K, reserved 1056768K
  class space    used 664K, capacity 760K, committed 768K, reserved 1048576K
}
Event: 9.531 GC heap before
{Heap before GC invocations=4 (full 0):
 PSYoungGen      total 279552K, used 279529K [0x0000000718700000, 0x000000073a900000, 0x00000007c0000000)
  eden space 258048K, 100% used [0x0000000718700000,0x0000000728300000,0x0000000728300000)
  from space 21504K, 99% used [0x0000000728300000,0x00000007297fa520,0x0000000729800000)
  to   space 21504K, 0% used [0x0000000739400000,0x0000000739400000,0x000000073a900000)
 ParOldGen       total 344064K, used 115305K [0x00000005c9400000, 0x00000005de400000, 0x0000000718700000)
  object space 344064K, 33% used [0x00000005c9400000,0x00000005d049a638,0x00000005de400000)
 Metaspace       used 7509K, capacity 7836K, committed 7936K, reserved 1056768K
  class space    used 679K, capacity 760K, committed 768K, reserved 1048576K
Event: 9.593 GC heap after
Heap after GC invocations=4 (full 0):
 PSYoungGen      total 537600K, used 21481K [0x0000000718700000, 0x000000073a900000, 0x00000007c0000000)
  eden space 516096K, 0% used [0x0000000718700000,0x0000000718700000,0x0000000737f00000)
  from space 21504K, 99% used [0x0000000739400000,0x000000073a8fa520,0x000000073a900000)
  to   space 21504K, 0% used [0x0000000737f00000,0x0000000737f00000,0x0000000739400000)
 ParOldGen       total 344064K, used 115955K [0x00000005c9400000, 0x00000005de400000, 0x0000000718700000)
  object space 344064K, 33% used [0x00000005c9400000,0x00000005d053cdf8,0x00000005de400000)
 Metaspace       used 7509K, capacity 7836K, committed 7936K, reserved 1056768K
  class space    used 679K, capacity 760K, committed 768K, reserved 1048576K
}
Event: 11.800 GC heap before
{Heap before GC invocations=5 (full 0):
 PSYoungGen      total 537600K, used 537577K [0x0000000718700000, 0x000000073a900000, 0x00000007c0000000)
  eden space 516096K, 100% used [0x0000000718700000,0x0000000737f00000,0x0000000737f00000)
  from space 21504K, 99% used [0x0000000739400000,0x000000073a8fa520,0x000000073a900000)
  to   space 21504K, 0% used [0x0000000737f00000,0x0000000737f00000,0x0000000739400000)
 ParOldGen       total 344064K, used 115955K [0x00000005c9400000, 0x00000005de400000, 0x0000000718700000)
  object space 344064K, 33% used [0x00000005c9400000,0x00000005d053cdf8,0x00000005de400000)
 Metaspace       used 7755K, capacity 8084K, committed 8320K, reserved 1056768K
  class space    used 683K, capacity 792K, committed 896K, reserved 1048576K

