# JRE version: OpenJDK Runtime Environment (8.0_232-b09) (build 1.8.0_232-b09)
# Java VM: OpenJDK 64-Bit Server VM (25.232-b09 mixed mode linux-amd64 compressed oops)
Heap:
 PSYoungGen      total 2126336K, used 91108K [0x0000000718700000, 0x00000007a1100000, 0x00000007c0000000)
  eden space 2035200K, 0% used [0x0000000718700000,0x0000000718700000,0x0000000794a80000)
  from space 91136K, 99% used [0x0000000794a80000,0x000000079a379078,0x000000079a380000)
  to   space 70144K, 0% used [0x000000079a380000,0x000000079a380000,0x000000079e800000)
 ParOldGen       total 344064K, used 130786K [0x00000005c9400000, 0x00000005de400000, 0x0000000718700000)
  object space 344064K, 38% used [0x00000005c9400000,0x00000005d13b8b30,0x00000005de400000)
 Metaspace       used 9980K, capacity 10048K, committed 10240K, reserved 1058816K
  class space    used 914K, capacity 944K, committed 1024K, reserved 1048576K
GC Heap History (10 events):
Event: 6.071 GC heap after
Heap after GC invocations=4 (full 0):
 PSYoungGen      total 537600K, used 21484K [0x0000000718700000, 0x000000073a900000, 0x00000007c0000000)
  eden space 516096K, 0% used [0x0000000718700000,0x0000000718700000,0x0000000737f00000)
  from space 21504K, 99% used [0x0000000739400000,0x000000073a8fb0e0,0x000000073a900000)
  to   space 21504K, 0% used [0x0000000737f00000,0x0000000737f00000,0x0000000739400000)
 ParOldGen       total 344064K, used 18077K [0x00000005c9400000, 0x00000005de400000, 0x0000000718700000)
  object space 344064K, 5% used [0x00000005c9400000,0x00000005ca5a7408,0x00000005de400000)
 Metaspace       used 9419K, capacity 9632K, committed 9984K, reserved 1058816K
  class space    used 901K, capacity 912K, committed 1024K, reserved 1048576K
}
Event: 8.064 GC heap before
{Heap before GC invocations=5 (full 0):
 PSYoungGen      total 537600K, used 537580K [0x0000000718700000, 0x000000073a900000, 0x00000007c0000000)
  eden space 516096K, 100% used [0x0000000718700000,0x0000000737f00000,0x0000000737f00000)
  from space 21504K, 99% used [0x0000000739400000,0x000000073a8fb0e0,0x000000073a900000)
  to   space 21504K, 0% used [0x0000000737f00000,0x0000000737f00000,0x0000000739400000)
 ParOldGen       total 344064K, used 18077K [0x00000005c9400000, 0x00000005de400000, 0x0000000718700000)
  object space 344064K, 5% used [0x00000005c9400000,0x00000005ca5a7408,0x00000005de400000)
 Metaspace       used 9598K, capacity 9824K, committed 9984K, reserved 1058816K
  class space    used 902K, capacity 912K, committed 1024K, reserved 1048576K
Event: 8.154 GC heap after
Heap after GC invocations=5 (full 0):
 PSYoungGen      total 537600K, used 21495K [0x0000000718700000, 0x000000075d200000, 0x00000007c0000000)
  eden space 516096K, 0% used [0x0000000718700000,0x0000000718700000,0x0000000737f00000)
  from space 21504K, 99% used [0x0000000737f00000,0x00000007393fdc68,0x0000000739400000)
  to   space 46592K, 0% used [0x000000075a480000,0x000000075a480000,0x000000075d200000)
 ParOldGen       total 344064K, used 38058K [0x00000005c9400000, 0x00000005de400000, 0x0000000718700000)
  object space 344064K, 11% used [0x00000005c9400000,0x00000005cb92a8d8,0x00000005de400000)
 Metaspace       used 9598K, capacity 9824K, committed 9984K, reserved 1058816K
  class space    used 902K, capacity 912K, committed 1024K, reserved 1048576K
}
Event: 9.983 GC heap before
{Heap before GC invocations=6 (full 0):
 PSYoungGen      total 537600K, used 537591K [0x0000000718700000, 0x000000075d200000, 0x00000007c0000000)
  eden space 516096K, 100% used [0x0000000718700000,0x0000000737f00000,0x0000000737f00000)
  from space 21504K, 99% used [0x0000000737f00000,0x00000007393fdc68,0x0000000739400000)
  to   space 46592K, 0% used [0x000000075a480000,0x000000075a480000,0x000000075d200000)
 ParOldGen       total 344064K, used 38058K [0x00000005c9400000, 0x00000005de400000, 0x0000000718700000)
  object space 344064K, 11% used [0x00000005c9400000,0x00000005cb92a8d8,0x00000005de400000)
 Metaspace       used 9751K, capacity 9824K, committed 9984K, reserved 1058816K
  class space    used 903K, capacity 912K, committed 1024K, reserved 1048576K
Event: 10.089 GC heap after
Heap after GC invocations=6 (full 0):
 PSYoungGen      total 1074688K, used 40149K [0x0000000718700000, 0x000000075da00000, 0x00000007c0000000)
  eden space 1028096K, 0% used [0x0000000718700000,0x0000000718700000,0x0000000757300000)
  from space 46592K, 86% used [0x000000075a480000,0x000000075cbb54c8,0x000000075d200000)
  to   space 50688K, 0% used [0x0000000757300000,0x0000000757300000,0x000000075a480000)
 ParOldGen       total 344064K, used 38058K [0x00000005c9400000, 0x00000005de400000, 0x0000000718700000)
  object space 344064K, 11% used [0x00000005c9400000,0x00000005cb92a8d8,0x00000005de400000)
 Metaspace       used 9751K, capacity 9824K, committed 9984K, reserved 1058816K
  class space    used 903K, capacity 912K, committed 1024K, reserved 1048576K
}
Event: 14.236 GC heap before
{Heap before GC invocations=7 (full 0):
 PSYoungGen      total 1074688K, used 1068245K [0x0000000718700000, 0x000000075da00000, 0x00000007c0000000)
  eden space 1028096K, 100% used [0x0000000718700000,0x0000000757300000,0x0000000757300000)
  from space 46592K, 86% used [0x000000075a480000,0x000000075cbb54c8,0x000000075d200000)
  to   space 50688K, 0% used [0x0000000757300000,0x0000000757300000,0x000000075a480000)
 ParOldGen       total 344064K, used 38058K [0x00000005c9400000, 0x00000005de400000, 0x0000000718700000)
  object space 344064K, 11% used [0x00000005c9400000,0x00000005cb92a8d8,0x00000005de400000)
 Metaspace       used 9860K, capacity 9984K, committed 10240K, reserved 1058816K
  class space    used 907K, capacity 944K, committed 1024K, reserved 1048576K
Event: 14.338 GC heap after
Heap after GC invocations=7 (full 0):
 PSYoungGen      total 1078784K, used 50681K [0x0000000718700000, 0x000000079e800000, 0x00000007c0000000)
  eden space 1028096K, 0% used [0x0000000718700000,0x0000000718700000,0x0000000757300000)
  from space 50688K, 99% used [0x0000000757300000,0x000000075a47e428,0x000000075a480000)
  to   space 70144K, 0% used [0x000000079a380000,0x000000079a380000,0x000000079e800000)
 ParOldGen       total 344064K, used 61817K [0x00000005c9400000, 0x00000005de400000, 0x0000000718700000)
  object space 344064K, 17% used [0x00000005c9400000,0x00000005cd05e5f0,0x00000005de400000)
 Metaspace       used 9860K, capacity 9984K, committed 10240K, reserved 1058816K
  class space    used 907K, capacity 944K, committed 1024K, reserved 1048576K
}
Event: 17.945 GC heap before
{Heap before GC invocations=8 (full 0):
 PSYoungGen      total 1078784K, used 1078777K [0x0000000718700000, 0x000000079e800000, 0x00000007c0000000)
  eden space 1028096K, 100% used [0x0000000718700000,0x0000000757300000,0x0000000757300000)
  from space 50688K, 99% used [0x0000000757300000,0x000000075a47e428,0x000000075a480000)
  to   space 70144K, 0% used [0x000000079a380000,0x000000079a380000,0x000000079e800000)
 ParOldGen       total 344064K, used 61817K [0x00000005c9400000, 0x00000005de400000, 0x0000000718700000)
  object space 344064K, 17% used [0x00000005c9400000,0x00000005cd05e5f0,0x00000005de400000)
 Metaspace       used 9913K, capacity 9984K, committed 10240K, reserved 1058816K
  class space    used 908K, capacity 944K, committed 1024K, reserved 1048576K
Event: 18.068 GC heap after
Heap after GC invocations=8 (full 0):
 PSYoungGen      total 2105344K, used 70130K [0x0000000718700000, 0x00000007a1100000, 0x00000007c0000000)
  eden space 2035200K, 0% used [0x0000000718700000,0x0000000718700000,0x0000000794a80000)
  from space 70144K, 99% used [0x000000079a380000,0x000000079e7fcaf8,0x000000079e800000)
  to   space 91136K, 0% used [0x0000000794a80000,0x0000000794a80000,0x000000079a380000)
 ParOldGen       total 344064K, used 84159K [0x00000005c9400000, 0x00000005de400000, 0x0000000718700000)
  object space 344064K, 24% used [0x00000005c9400000,0x00000005ce62ff78,0x00000005de400000)
 Metaspace       used 9913K, capacity 9984K, committed 10240K, reserved 1058816K
  class space    used 908K, capacity 944K, committed 1024K, reserved 1048576K
}
Event: 24.851 GC heap before
{Heap before GC invocations=9 (full 0):
 PSYoungGen      total 2105344K, used 2105330K [0x0000000718700000, 0x00000007a1100000, 0x00000007c0000000)
  eden space 2035200K, 100% used [0x0000000718700000,0x0000000794a80000,0x0000000794a80000)
  from space 70144K, 99% used [0x000000079a380000,0x000000079e7fcaf8,0x000000079e800000)
  to   space 91136K, 0% used [0x0000000794a80000,0x0000000794a80000,0x000000079a380000)
 ParOldGen       total 344064K, used 84159K [0x00000005c9400000, 0x00000005de400000, 0x0000000718700000)
  object space 344064K, 24% used [0x00000005c9400000,0x00000005ce62ff78,0x00000005de400000)
 Metaspace       used 9980K, capacity 10048K, committed 10240K, reserved 1058816K
  class space    used 914K, capacity 944K, committed 1024K, reserved 1048576K

