# JRE version: OpenJDK Runtime Environment (8.0_232-b09) (build 1.8.0_232-b09)
# Java VM: OpenJDK 64-Bit Server VM (25.232-b09 mixed mode linux-amd64 compressed oops)
Heap:
 PSYoungGen      total 2654720K, used 993870K [0x0000000718700000, 0x00000007c0000000, 0x00000007c0000000)
  eden space 2573312K, 37% used [0x0000000718700000,0x0000000754113ed0,0x00000007b5800000)
  from space 81408K, 20% used [0x00000007ba480000,0x00000007bb4ff980,0x00000007bf400000)
  to   space 78336K, 0% used [0x00000007b5800000,0x00000007b5800000,0x00000007ba480000)
 ParOldGen       total 344064K, used 145619K [0x00000005c9400000, 0x00000005de400000, 0x0000000718700000)
  object space 344064K, 42% used [0x00000005c9400000,0x00000005d2234ee0,0x00000005de400000)
 Metaspace       used 8683K, capacity 9084K, committed 9344K, reserved 1058816K
  class space    used 756K, capacity 856K, committed 896K, reserved 1048576K
GC Heap History (10 events):
Event: 18.632 GC heap before
{Heap before GC invocations=8 (full 0):
 PSYoungGen      total 1123328K, used 1043812K [0x0000000718700000, 0x00000007a1900000, 0x00000007c0000000)
  eden space 1032192K, 100% used [0x0000000718700000,0x0000000757700000,0x0000000757700000)
  from space 91136K, 12% used [0x0000000757700000,0x0000000758259298,0x000000075d000000)
  to   space 91136K, 0% used [0x000000079c000000,0x000000079c000000,0x00000007a1900000)
 ParOldGen       total 344064K, used 137715K [0x00000005c9400000, 0x00000005de400000, 0x0000000718700000)
  object space 344064K, 40% used [0x00000005c9400000,0x00000005d1a7cf98,0x00000005de400000)
 Metaspace       used 8020K, capacity 8352K, committed 8576K, reserved 1056768K
  class space    used 702K, capacity 792K, committed 896K, reserved 1048576K
Event: 18.686 GC heap after
Heap after GC invocations=8 (full 0):
 PSYoungGen      total 2154496K, used 8576K [0x0000000718700000, 0x00000007a1800000, 0x00000007c0000000)
  eden space 2064384K, 0% used [0x0000000718700000,0x0000000718700000,0x0000000796700000)
  from space 90112K, 9% used [0x000000079c000000,0x000000079c860010,0x00000007a1800000)
  to   space 90624K, 0% used [0x0000000796700000,0x0000000796700000,0x000000079bf80000)
 ParOldGen       total 344064K, used 143192K [0x00000005c9400000, 0x00000005de400000, 0x0000000718700000)
  object space 344064K, 41% used [0x00000005c9400000,0x00000005d1fd6220,0x00000005de400000)
 Metaspace       used 8020K, capacity 8352K, committed 8576K, reserved 1056768K
  class space    used 702K, capacity 792K, committed 896K, reserved 1048576K
}
Event: 24.029 GC heap before
{Heap before GC invocations=9 (full 0):
 PSYoungGen      total 2154496K, used 2072960K [0x0000000718700000, 0x00000007a1800000, 0x00000007c0000000)
  eden space 2064384K, 100% used [0x0000000718700000,0x0000000796700000,0x0000000796700000)
  from space 90112K, 9% used [0x000000079c000000,0x000000079c860010,0x00000007a1800000)
  to   space 90624K, 0% used [0x0000000796700000,0x0000000796700000,0x000000079bf80000)
 ParOldGen       total 344064K, used 143192K [0x00000005c9400000, 0x00000005de400000, 0x0000000718700000)
  object space 344064K, 41% used [0x00000005c9400000,0x00000005d1fd6220,0x00000005de400000)
 Metaspace       used 8167K, capacity 8484K, committed 8832K, reserved 1056768K
  class space    used 712K, capacity 792K, committed 896K, reserved 1048576K
Event: 24.112 GC heap after
Heap after GC invocations=9 (full 0):
 PSYoungGen      total 2155008K, used 16700K [0x0000000718700000, 0x00000007bfb80000, 0x00000007c0000000)
  eden space 2064384K, 0% used [0x0000000718700000,0x0000000718700000,0x0000000796700000)
  from space 90624K, 18% used [0x0000000796700000,0x000000079774f2f0,0x000000079bf80000)
  to   space 88064K, 0% used [0x00000007ba580000,0x00000007ba580000,0x00000007bfb80000)
 ParOldGen       total 344064K, used 143328K [0x00000005c9400000, 0x00000005de400000, 0x0000000718700000)
  object space 344064K, 41% used [0x00000005c9400000,0x00000005d1ff8220,0x00000005de400000)
 Metaspace       used 8167K, capacity 8484K, committed 8832K, reserved 1056768K
  class space    used 712K, capacity 792K, committed 896K, reserved 1048576K
}
Event: 27.737 GC heap before
{Heap before GC invocations=10 (full 0):
 PSYoungGen      total 2155008K, used 2081084K [0x0000000718700000, 0x00000007bfb80000, 0x00000007c0000000)
  eden space 2064384K, 100% used [0x0000000718700000,0x0000000796700000,0x0000000796700000)
  from space 90624K, 18% used [0x0000000796700000,0x000000079774f2f0,0x000000079bf80000)
  to   space 88064K, 0% used [0x00000007ba580000,0x00000007ba580000,0x00000007bfb80000)
 ParOldGen       total 344064K, used 143328K [0x00000005c9400000, 0x00000005de400000, 0x0000000718700000)
  object space 344064K, 41% used [0x00000005c9400000,0x00000005d1ff8220,0x00000005de400000)
 Metaspace       used 8396K, capacity 8716K, committed 8832K, reserved 1056768K
  class space    used 740K, capacity 824K, committed 896K, reserved 1048576K
Event: 27.789 GC heap after
Heap after GC invocations=10 (full 0):
 PSYoungGen      total 2653696K, used 6803K [0x0000000718700000, 0x00000007bfb80000, 0x00000007c0000000)
  eden space 2565632K, 0% used [0x0000000718700000,0x0000000718700000,0x00000007b5080000)
  from space 88064K, 7% used [0x00000007ba580000,0x00000007bac24ff0,0x00000007bfb80000)
  to   space 87040K, 0% used [0x00000007b5080000,0x00000007b5080000,0x00000007ba580000)
 ParOldGen       total 344064K, used 144119K [0x00000005c9400000, 0x00000005de400000, 0x0000000718700000)
  object space 344064K, 41% used [0x00000005c9400000,0x00000005d20bde60,0x00000005de400000)
 Metaspace       used 8396K, capacity 8716K, committed 8832K, reserved 1056768K
  class space    used 740K, capacity 824K, committed 896K, reserved 1048576K
}
Event: 34.167 GC heap before
{Heap before GC invocations=11 (full 0):
 PSYoungGen      total 2653696K, used 2572435K [0x0000000718700000, 0x00000007bfb80000, 0x00000007c0000000)
  eden space 2565632K, 100% used [0x0000000718700000,0x00000007b5080000,0x00000007b5080000)
  from space 88064K, 7% used [0x00000007ba580000,0x00000007bac24ff0,0x00000007bfb80000)
  to   space 87040K, 0% used [0x00000007b5080000,0x00000007b5080000,0x00000007ba580000)
 ParOldGen       total 344064K, used 144119K [0x00000005c9400000, 0x00000005de400000, 0x0000000718700000)
  object space 344064K, 41% used [0x00000005c9400000,0x00000005d20bde60,0x00000005de400000)
 Metaspace       used 8511K, capacity 8856K, committed 9088K, reserved 1056768K
  class space    used 745K, capacity 824K, committed 896K, reserved 1048576K
Event: 34.262 GC heap after
Heap after GC invocations=11 (full 0):
 PSYoungGen      total 2596352K, used 30225K [0x0000000718700000, 0x00000007bf400000, 0x00000007c0000000)
  eden space 2565632K, 0% used [0x0000000718700000,0x0000000718700000,0x00000007b5080000)
  from space 30720K, 98% used [0x00000007b5080000,0x00000007b6e046c0,0x00000007b6e80000)
  to   space 81408K, 0% used [0x00000007ba480000,0x00000007ba480000,0x00000007bf400000)
 ParOldGen       total 344064K, used 144887K [0x00000005c9400000, 0x00000005de400000, 0x0000000718700000)
  object space 344064K, 42% used [0x00000005c9400000,0x00000005d217deb0,0x00000005de400000)
 Metaspace       used 8511K, capacity 8856K, committed 9088K, reserved 1056768K
  class space    used 745K, capacity 824K, committed 896K, reserved 1048576K
}
Event: 38.638 GC heap before
{Heap before GC invocations=12 (full 0):
 PSYoungGen      total 2596352K, used 2595857K [0x0000000718700000, 0x00000007bf400000, 0x00000007c0000000)
  eden space 2565632K, 100% used [0x0000000718700000,0x00000007b5080000,0x00000007b5080000)
  from space 30720K, 98% used [0x00000007b5080000,0x00000007b6e046c0,0x00000007b6e80000)
  to   space 81408K, 0% used [0x00000007ba480000,0x00000007ba480000,0x00000007bf400000)
 ParOldGen       total 344064K, used 144887K [0x00000005c9400000, 0x00000005de400000, 0x0000000718700000)
  object space 344064K, 42% used [0x00000005c9400000,0x00000005d217deb0,0x00000005de400000)
 Metaspace       used 8556K, capacity 8924K, committed 9088K, reserved 1056768K
  class space    used 747K, capacity 824K, committed 896K, reserved 1048576K
Event: 38.692 GC heap after
Heap after GC invocations=12 (full 0):
 PSYoungGen      total 2654720K, used 16894K [0x0000000718700000, 0x00000007c0000000, 0x00000007c0000000)
  eden space 2573312K, 0% used [0x0000000718700000,0x0000000718700000,0x00000007b5800000)
  from space 81408K, 20% used [0x00000007ba480000,0x00000007bb4ff980,0x00000007bf400000)
  to   space 78336K, 0% used [0x00000007b5800000,0x00000007b5800000,0x00000007ba480000)
 ParOldGen       total 344064K, used 145619K [0x00000005c9400000, 0x00000005de400000, 0x0000000718700000)
  object space 344064K, 42% used [0x00000005c9400000,0x00000005d2234ee0,0x00000005de400000)
 Metaspace       used 8556K, capacity 8924K, committed 9088K, reserved 1056768K
  class space    used 747K, capacity 824K, committed 896K, reserved 1048576K
}

