# JRE version: OpenJDK Runtime Environment (8.0_232-b09) (build 1.8.0_232-b09)
# Java VM: OpenJDK 64-Bit Server VM (25.232-b09 mixed mode linux-amd64 compressed oops)
Heap:
 PSYoungGen      total 2114048K, used 74817K [0x0000000718700000, 0x00000007a0300000, 0x00000007c0000000)
  eden space 2022912K, 0% used [0x0000000718700000,0x0000000718700000,0x0000000793e80000)
  from space 91136K, 82% used [0x0000000793e80000,0x0000000798790458,0x0000000799780000)
  to   space 72192K, 0% used [0x0000000799780000,0x0000000799780000,0x000000079de00000)
 ParOldGen       total 344064K, used 109082K [0x00000005c9400000, 0x00000005de400000, 0x0000000718700000)
  object space 344064K, 31% used [0x00000005c9400000,0x00000005cfe86a50,0x00000005de400000)
 Metaspace       used 12820K, capacity 12944K, committed 13056K, reserved 1060864K
  class space    used 1155K, capacity 1202K, committed 1280K, reserved 1048576K
GC Heap History (10 events):
Event: 6.787 GC heap after
Heap after GC invocations=4 (full 0):
 PSYoungGen      total 537600K, used 21504K [0x0000000718700000, 0x000000073a900000, 0x00000007c0000000)
  eden space 516096K, 0% used [0x0000000718700000,0x0000000718700000,0x0000000737f00000)
  from space 21504K, 100% used [0x0000000739400000,0x000000073a900000,0x000000073a900000)
  to   space 21504K, 0% used [0x0000000737f00000,0x0000000737f00000,0x0000000739400000)
 ParOldGen       total 344064K, used 17014K [0x00000005c9400000, 0x00000005de400000, 0x0000000718700000)
  object space 344064K, 4% used [0x00000005c9400000,0x00000005ca49dae0,0x00000005de400000)
 Metaspace       used 12040K, capacity 12112K, committed 12160K, reserved 1060864K
  class space    used 1135K, capacity 1138K, committed 1152K, reserved 1048576K
}
Event: 8.332 GC heap before
{Heap before GC invocations=5 (full 0):
 PSYoungGen      total 537600K, used 537600K [0x0000000718700000, 0x000000073a900000, 0x00000007c0000000)
  eden space 516096K, 100% used [0x0000000718700000,0x0000000737f00000,0x0000000737f00000)
  from space 21504K, 100% used [0x0000000739400000,0x000000073a900000,0x000000073a900000)
  to   space 21504K, 0% used [0x0000000737f00000,0x0000000737f00000,0x0000000739400000)
 ParOldGen       total 344064K, used 17014K [0x00000005c9400000, 0x00000005de400000, 0x0000000718700000)
  object space 344064K, 4% used [0x00000005c9400000,0x00000005ca49dae0,0x00000005de400000)
 Metaspace       used 12342K, capacity 12400K, committed 12544K, reserved 1060864K
  class space    used 1138K, capacity 1170K, committed 1280K, reserved 1048576K
Event: 8.405 GC heap after
Heap after GC invocations=5 (full 0):
 PSYoungGen      total 537600K, used 21493K [0x0000000718700000, 0x000000075cc00000, 0x00000007c0000000)
  eden space 516096K, 0% used [0x0000000718700000,0x0000000718700000,0x0000000737f00000)
  from space 21504K, 99% used [0x0000000737f00000,0x00000007393fd528,0x0000000739400000)
  to   space 43520K, 0% used [0x000000075a180000,0x000000075a180000,0x000000075cc00000)
 ParOldGen       total 344064K, used 37033K [0x00000005c9400000, 0x00000005de400000, 0x0000000718700000)
  object space 344064K, 10% used [0x00000005c9400000,0x00000005cb82a480,0x00000005de400000)
 Metaspace       used 12342K, capacity 12400K, committed 12544K, reserved 1060864K
  class space    used 1138K, capacity 1170K, committed 1280K, reserved 1048576K
}
Event: 9.566 GC heap before
{Heap before GC invocations=6 (full 0):
 PSYoungGen      total 537600K, used 537589K [0x0000000718700000, 0x000000075cc00000, 0x00000007c0000000)
  eden space 516096K, 100% used [0x0000000718700000,0x0000000737f00000,0x0000000737f00000)
  from space 21504K, 99% used [0x0000000737f00000,0x00000007393fd528,0x0000000739400000)
  to   space 43520K, 0% used [0x000000075a180000,0x000000075a180000,0x000000075cc00000)
 ParOldGen       total 344064K, used 37033K [0x00000005c9400000, 0x00000005de400000, 0x0000000718700000)
  object space 344064K, 10% used [0x00000005c9400000,0x00000005cb82a480,0x00000005de400000)
 Metaspace       used 12479K, capacity 12624K, committed 12800K, reserved 1060864K
  class space    used 1147K, capacity 1202K, committed 1280K, reserved 1048576K
Event: 9.661 GC heap after
Heap after GC invocations=6 (full 0):
 PSYoungGen      total 1064448K, used 43507K [0x0000000718700000, 0x000000075e200000, 0x00000007c0000000)
  eden space 1020928K, 0% used [0x0000000718700000,0x0000000718700000,0x0000000756c00000)
  from space 43520K, 99% used [0x000000075a180000,0x000000075cbfcc98,0x000000075cc00000)
  to   space 54784K, 0% used [0x0000000756c00000,0x0000000756c00000,0x000000075a180000)
 ParOldGen       total 344064K, used 46181K [0x00000005c9400000, 0x00000005de400000, 0x0000000718700000)
  object space 344064K, 13% used [0x00000005c9400000,0x00000005cc119588,0x00000005de400000)
 Metaspace       used 12479K, capacity 12624K, committed 12800K, reserved 1060864K
  class space    used 1147K, capacity 1202K, committed 1280K, reserved 1048576K
}
Event: 12.583 GC heap before
{Heap before GC invocations=7 (full 0):
 PSYoungGen      total 1064448K, used 1064435K [0x0000000718700000, 0x000000075e200000, 0x00000007c0000000)
  eden space 1020928K, 100% used [0x0000000718700000,0x0000000756c00000,0x0000000756c00000)
  from space 43520K, 99% used [0x000000075a180000,0x000000075cbfcc98,0x000000075cc00000)
  to   space 54784K, 0% used [0x0000000756c00000,0x0000000756c00000,0x000000075a180000)
 ParOldGen       total 344064K, used 46181K [0x00000005c9400000, 0x00000005de400000, 0x0000000718700000)
  object space 344064K, 13% used [0x00000005c9400000,0x00000005cc119588,0x00000005de400000)
 Metaspace       used 12585K, capacity 12688K, committed 12800K, reserved 1060864K
  class space    used 1151K, capacity 1202K, committed 1280K, reserved 1048576K
Event: 12.696 GC heap after
Heap after GC invocations=7 (full 0):
 PSYoungGen      total 1075712K, used 54765K [0x0000000718700000, 0x000000079de00000, 0x00000007c0000000)
  eden space 1020928K, 0% used [0x0000000718700000,0x0000000718700000,0x0000000756c00000)
  from space 54784K, 99% used [0x0000000756c00000,0x000000075a17b668,0x000000075a180000)
  to   space 72192K, 0% used [0x0000000799780000,0x0000000799780000,0x000000079de00000)
 ParOldGen       total 344064K, used 65073K [0x00000005c9400000, 0x00000005de400000, 0x0000000718700000)
  object space 344064K, 18% used [0x00000005c9400000,0x00000005cd38c6a0,0x00000005de400000)
 Metaspace       used 12585K, capacity 12688K, committed 12800K, reserved 1060864K
  class space    used 1151K, capacity 1202K, committed 1280K, reserved 1048576K
}
Event: 14.842 GC heap before
{Heap before GC invocations=8 (full 0):
 PSYoungGen      total 1075712K, used 1075693K [0x0000000718700000, 0x000000079de00000, 0x00000007c0000000)
  eden space 1020928K, 100% used [0x0000000718700000,0x0000000756c00000,0x0000000756c00000)
  from space 54784K, 99% used [0x0000000756c00000,0x000000075a17b668,0x000000075a180000)
  to   space 72192K, 0% used [0x0000000799780000,0x0000000799780000,0x000000079de00000)
 ParOldGen       total 344064K, used 65073K [0x00000005c9400000, 0x00000005de400000, 0x0000000718700000)
  object space 344064K, 18% used [0x00000005c9400000,0x00000005cd38c6a0,0x00000005de400000)
 Metaspace       used 12676K, capacity 12816K, committed 13056K, reserved 1060864K
  class space    used 1151K, capacity 1202K, committed 1280K, reserved 1048576K
Event: 14.915 GC heap after
Heap after GC invocations=8 (full 0):
 PSYoungGen      total 2095104K, used 72188K [0x0000000718700000, 0x00000007a0300000, 0x00000007c0000000)
  eden space 2022912K, 0% used [0x0000000718700000,0x0000000718700000,0x0000000793e80000)
  from space 72192K, 99% used [0x0000000799780000,0x000000079ddff3c8,0x000000079de00000)
  to   space 91136K, 0% used [0x0000000793e80000,0x0000000793e80000,0x0000000799780000)
 ParOldGen       total 344064K, used 83261K [0x00000005c9400000, 0x00000005de400000, 0x0000000718700000)
  object space 344064K, 24% used [0x00000005c9400000,0x00000005ce54f478,0x00000005de400000)
 Metaspace       used 12676K, capacity 12816K, committed 13056K, reserved 1060864K
  class space    used 1151K, capacity 1202K, committed 1280K, reserved 1048576K
}
Event: 20.194 GC heap before
{Heap before GC invocations=9 (full 0):
 PSYoungGen      total 2095104K, used 2095100K [0x0000000718700000, 0x00000007a0300000, 0x00000007c0000000)
  eden space 2022912K, 100% used [0x0000000718700000,0x0000000793e80000,0x0000000793e80000)
  from space 72192K, 99% used [0x0000000799780000,0x000000079ddff3c8,0x000000079de00000)
  to   space 91136K, 0% used [0x0000000793e80000,0x0000000793e80000,0x0000000799780000)
 ParOldGen       total 344064K, used 83261K [0x00000005c9400000, 0x00000005de400000, 0x0000000718700000)
  object space 344064K, 24% used [0x00000005c9400000,0x00000005ce54f478,0x00000005de400000)
 Metaspace       used 12820K, capacity 12944K, committed 13056K, reserved 1060864K
  class space    used 1155K, capacity 1202K, committed 1280K, reserved 1048576K

