# JRE version: OpenJDK Runtime Environment (8.0_232-b09) (build 1.8.0_232-b09)
# Java VM: OpenJDK 64-Bit Server VM (25.232-b09 mixed mode linux-amd64 compressed oops)
Heap:
 PSYoungGen      total 2126848K, used 90595K [0x0000000718700000, 0x00000007a1000000, 0x00000007c0000000)
  eden space 2036224K, 0% used [0x0000000718700000,0x0000000718700000,0x0000000794b80000)
  from space 90624K, 99% used [0x0000000794b80000,0x000000079a3f8cf8,0x000000079a400000)
  to   space 70656K, 0% used [0x000000079a400000,0x000000079a400000,0x000000079e900000)
 ParOldGen       total 344064K, used 131607K [0x00000005c9400000, 0x00000005de400000, 0x0000000718700000)
  object space 344064K, 38% used [0x00000005c9400000,0x00000005d1485cb8,0x00000005de400000)
 Metaspace       used 9982K, capacity 10048K, committed 10240K, reserved 1058816K
  class space    used 913K, capacity 944K, committed 1024K, reserved 1048576K
GC Heap History (10 events):
Event: 5.889 GC heap after
Heap after GC invocations=4 (full 0):
 PSYoungGen      total 537600K, used 21496K [0x0000000718700000, 0x000000073a900000, 0x00000007c0000000)
  eden space 516096K, 0% used [0x0000000718700000,0x0000000718700000,0x0000000737f00000)
  from space 21504K, 99% used [0x0000000739400000,0x000000073a8fe288,0x000000073a900000)
  to   space 21504K, 0% used [0x0000000737f00000,0x0000000737f00000,0x0000000739400000)
 ParOldGen       total 344064K, used 17245K [0x00000005c9400000, 0x00000005de400000, 0x0000000718700000)
  object space 344064K, 5% used [0x00000005c9400000,0x00000005ca4d7758,0x00000005de400000)
 Metaspace       used 9428K, capacity 9632K, committed 9984K, reserved 1058816K
  class space    used 900K, capacity 912K, committed 1024K, reserved 1048576K
}
Event: 7.977 GC heap before
{Heap before GC invocations=5 (full 0):
 PSYoungGen      total 537600K, used 537592K [0x0000000718700000, 0x000000073a900000, 0x00000007c0000000)
  eden space 516096K, 100% used [0x0000000718700000,0x0000000737f00000,0x0000000737f00000)
  from space 21504K, 99% used [0x0000000739400000,0x000000073a8fe288,0x000000073a900000)
  to   space 21504K, 0% used [0x0000000737f00000,0x0000000737f00000,0x0000000739400000)
 ParOldGen       total 344064K, used 17245K [0x00000005c9400000, 0x00000005de400000, 0x0000000718700000)
  object space 344064K, 5% used [0x00000005c9400000,0x00000005ca4d7758,0x00000005de400000)
 Metaspace       used 9605K, capacity 9824K, committed 9984K, reserved 1058816K
  class space    used 902K, capacity 912K, committed 1024K, reserved 1048576K
Event: 8.042 GC heap after
Heap after GC invocations=5 (full 0):
 PSYoungGen      total 537600K, used 21475K [0x0000000718700000, 0x000000075d100000, 0x00000007c0000000)
  eden space 516096K, 0% used [0x0000000718700000,0x0000000718700000,0x0000000737f00000)
  from space 21504K, 99% used [0x0000000737f00000,0x00000007393f8e30,0x0000000739400000)
  to   space 46080K, 0% used [0x000000075a400000,0x000000075a400000,0x000000075d100000)
 ParOldGen       total 344064K, used 37154K [0x00000005c9400000, 0x00000005de400000, 0x0000000718700000)
  object space 344064K, 10% used [0x00000005c9400000,0x00000005cb8488b0,0x00000005de400000)
 Metaspace       used 9605K, capacity 9824K, committed 9984K, reserved 1058816K
  class space    used 902K, capacity 912K, committed 1024K, reserved 1048576K
}
Event: 9.852 GC heap before
{Heap before GC invocations=6 (full 0):
 PSYoungGen      total 537600K, used 537571K [0x0000000718700000, 0x000000075d100000, 0x00000007c0000000)
  eden space 516096K, 100% used [0x0000000718700000,0x0000000737f00000,0x0000000737f00000)
  from space 21504K, 99% used [0x0000000737f00000,0x00000007393f8e30,0x0000000739400000)
  to   space 46080K, 0% used [0x000000075a400000,0x000000075a400000,0x000000075d100000)
 ParOldGen       total 344064K, used 37154K [0x00000005c9400000, 0x00000005de400000, 0x0000000718700000)
  object space 344064K, 10% used [0x00000005c9400000,0x00000005cb8488b0,0x00000005de400000)
 Metaspace       used 9756K, capacity 9824K, committed 9984K, reserved 1058816K
  class space    used 903K, capacity 912K, committed 1024K, reserved 1048576K
Event: 9.962 GC heap after
Heap after GC invocations=6 (full 0):
 PSYoungGen      total 1074176K, used 40259K [0x0000000718700000, 0x000000075d900000, 0x00000007c0000000)
  eden space 1028096K, 0% used [0x0000000718700000,0x0000000718700000,0x0000000757300000)
  from space 46080K, 87% used [0x000000075a400000,0x000000075cb50fa8,0x000000075d100000)
  to   space 50176K, 0% used [0x0000000757300000,0x0000000757300000,0x000000075a400000)
 ParOldGen       total 344064K, used 37162K [0x00000005c9400000, 0x00000005de400000, 0x0000000718700000)
  object space 344064K, 10% used [0x00000005c9400000,0x00000005cb84a8b0,0x00000005de400000)
 Metaspace       used 9756K, capacity 9824K, committed 9984K, reserved 1058816K
  class space    used 903K, capacity 912K, committed 1024K, reserved 1048576K
}
Event: 13.977 GC heap before
{Heap before GC invocations=7 (full 0):
 PSYoungGen      total 1074176K, used 1068355K [0x0000000718700000, 0x000000075d900000, 0x00000007c0000000)
  eden space 1028096K, 100% used [0x0000000718700000,0x0000000757300000,0x0000000757300000)
  from space 46080K, 87% used [0x000000075a400000,0x000000075cb50fa8,0x000000075d100000)
  to   space 50176K, 0% used [0x0000000757300000,0x0000000757300000,0x000000075a400000)
 ParOldGen       total 344064K, used 37162K [0x00000005c9400000, 0x00000005de400000, 0x0000000718700000)
  object space 344064K, 10% used [0x00000005c9400000,0x00000005cb84a8b0,0x00000005de400000)
 Metaspace       used 9860K, capacity 9984K, committed 10240K, reserved 1058816K
  class space    used 907K, capacity 944K, committed 1024K, reserved 1048576K
Event: 14.065 GC heap after
Heap after GC invocations=7 (full 0):
 PSYoungGen      total 1078272K, used 50171K [0x0000000718700000, 0x000000079e900000, 0x00000007c0000000)
  eden space 1028096K, 0% used [0x0000000718700000,0x0000000718700000,0x0000000757300000)
  from space 50176K, 99% used [0x0000000757300000,0x000000075a3fed78,0x000000075a400000)
  to   space 70656K, 0% used [0x000000079a400000,0x000000079a400000,0x000000079e900000)
 ParOldGen       total 344064K, used 62505K [0x00000005c9400000, 0x00000005de400000, 0x0000000718700000)
  object space 344064K, 18% used [0x00000005c9400000,0x00000005cd10a7a0,0x00000005de400000)
 Metaspace       used 9860K, capacity 9984K, committed 10240K, reserved 1058816K
  class space    used 907K, capacity 944K, committed 1024K, reserved 1048576K
}
Event: 16.940 GC heap before
{Heap before GC invocations=8 (full 0):
 PSYoungGen      total 1078272K, used 1078267K [0x0000000718700000, 0x000000079e900000, 0x00000007c0000000)
  eden space 1028096K, 100% used [0x0000000718700000,0x0000000757300000,0x0000000757300000)
  from space 50176K, 99% used [0x0000000757300000,0x000000075a3fed78,0x000000075a400000)
  to   space 70656K, 0% used [0x000000079a400000,0x000000079a400000,0x000000079e900000)
 ParOldGen       total 344064K, used 62505K [0x00000005c9400000, 0x00000005de400000, 0x0000000718700000)
  object space 344064K, 18% used [0x00000005c9400000,0x00000005cd10a7a0,0x00000005de400000)
 Metaspace       used 9912K, capacity 9984K, committed 10240K, reserved 1058816K
  class space    used 909K, capacity 944K, committed 1024K, reserved 1048576K
Event: 17.059 GC heap after
Heap after GC invocations=8 (full 0):
 PSYoungGen      total 2106880K, used 70652K [0x0000000718700000, 0x00000007a1000000, 0x00000007c0000000)
  eden space 2036224K, 0% used [0x0000000718700000,0x0000000718700000,0x0000000794b80000)
  from space 70656K, 99% used [0x000000079a400000,0x000000079e8ff0a0,0x000000079e900000)
  to   space 90624K, 0% used [0x0000000794b80000,0x0000000794b80000,0x000000079a400000)
 ParOldGen       total 344064K, used 83418K [0x00000005c9400000, 0x00000005de400000, 0x0000000718700000)
  object space 344064K, 24% used [0x00000005c9400000,0x00000005ce576b40,0x00000005de400000)
 Metaspace       used 9912K, capacity 9984K, committed 10240K, reserved 1058816K
  class space    used 909K, capacity 944K, committed 1024K, reserved 1048576K
}
Event: 23.654 GC heap before
{Heap before GC invocations=9 (full 0):
 PSYoungGen      total 2106880K, used 2106876K [0x0000000718700000, 0x00000007a1000000, 0x00000007c0000000)
  eden space 2036224K, 100% used [0x0000000718700000,0x0000000794b80000,0x0000000794b80000)
  from space 70656K, 99% used [0x000000079a400000,0x000000079e8ff0a0,0x000000079e900000)
  to   space 90624K, 0% used [0x0000000794b80000,0x0000000794b80000,0x000000079a400000)
 ParOldGen       total 344064K, used 83418K [0x00000005c9400000, 0x00000005de400000, 0x0000000718700000)
  object space 344064K, 24% used [0x00000005c9400000,0x00000005ce576b40,0x00000005de400000)
 Metaspace       used 9982K, capacity 10048K, committed 10240K, reserved 1058816K
  class space    used 913K, capacity 944K, committed 1024K, reserved 1048576K

