# JRE version: OpenJDK Runtime Environment (8.0_232-b09) (build 1.8.0_232-b09)
# Java VM: OpenJDK 64-Bit Server VM (25.232-b09 mixed mode linux-amd64 compressed oops)
Heap:
 PSYoungGen      total 1075200K, used 54766K [0x0000000718700000, 0x000000075e200000, 0x00000007c0000000)
  eden space 1020416K, 0% used [0x0000000718700000,0x0000000718700000,0x0000000756b80000)
  from space 54784K, 99% used [0x0000000756b80000,0x000000075a0fba78,0x000000075a100000)
  to   space 43008K, 0% used [0x000000075a100000,0x000000075a100000,0x000000075cb00000)
 ParOldGen       total 344064K, used 65911K [0x00000005c9400000, 0x00000005de400000, 0x0000000718700000)
  object space 344064K, 19% used [0x00000005c9400000,0x00000005cd45dc10,0x00000005de400000)
 Metaspace       used 12561K, capacity 12688K, committed 12800K, reserved 1060864K
  class space    used 1151K, capacity 1202K, committed 1280K, reserved 1048576K
GC Heap History (10 events):
Event: 3.032 GC heap after
Heap after GC invocations=2 (full 0):
 PSYoungGen      total 279552K, used 21172K [0x0000000718700000, 0x000000072ad00000, 0x00000007c0000000)
  eden space 258048K, 0% used [0x0000000718700000,0x0000000718700000,0x0000000728300000)
  from space 21504K, 98% used [0x0000000729800000,0x000000072acad028,0x000000072ad00000)
  to   space 21504K, 0% used [0x0000000728300000,0x0000000728300000,0x0000000729800000)
 ParOldGen       total 344064K, used 40K [0x00000005c9400000, 0x00000005de400000, 0x0000000718700000)
  object space 344064K, 0% used [0x00000005c9400000,0x00000005c940a000,0x00000005de400000)
 Metaspace       used 10908K, capacity 11024K, committed 11136K, reserved 1058816K
  class space    used 1108K, capacity 1138K, committed 1152K, reserved 1048576K
}
Event: 4.888 GC heap before
{Heap before GC invocations=3 (full 0):
 PSYoungGen      total 279552K, used 279220K [0x0000000718700000, 0x000000072ad00000, 0x00000007c0000000)
  eden space 258048K, 100% used [0x0000000718700000,0x0000000728300000,0x0000000728300000)
  from space 21504K, 98% used [0x0000000729800000,0x000000072acad028,0x000000072ad00000)
  to   space 21504K, 0% used [0x0000000728300000,0x0000000728300000,0x0000000729800000)
 ParOldGen       total 344064K, used 40K [0x00000005c9400000, 0x00000005de400000, 0x0000000718700000)
  object space 344064K, 0% used [0x00000005c9400000,0x00000005c940a000,0x00000005de400000)
 Metaspace       used 11695K, capacity 11792K, committed 11904K, reserved 1060864K
  class space    used 1131K, capacity 1138K, committed 1152K, reserved 1048576K
Event: 4.973 GC heap after
Heap after GC invocations=3 (full 0):
 PSYoungGen      total 279552K, used 21472K [0x0000000718700000, 0x000000073a900000, 0x00000007c0000000)
  eden space 258048K, 0% used [0x0000000718700000,0x0000000718700000,0x0000000728300000)
  from space 21504K, 99% used [0x0000000728300000,0x00000007297f8020,0x0000000729800000)
  to   space 21504K, 0% used [0x0000000739400000,0x0000000739400000,0x000000073a900000)
 ParOldGen       total 344064K, used 9067K [0x00000005c9400000, 0x00000005de400000, 0x0000000718700000)
  object space 344064K, 2% used [0x00000005c9400000,0x00000005c9cdacd8,0x00000005de400000)
 Metaspace       used 11695K, capacity 11792K, committed 11904K, reserved 1060864K
  class space    used 1131K, capacity 1138K, committed 1152K, reserved 1048576K
}
Event: 5.776 GC heap before
{Heap before GC invocations=4 (full 0):
 PSYoungGen      total 279552K, used 279520K [0x0000000718700000, 0x000000073a900000, 0x00000007c0000000)
  eden space 258048K, 100% used [0x0000000718700000,0x0000000728300000,0x0000000728300000)
  from space 21504K, 99% used [0x0000000728300000,0x00000007297f8020,0x0000000729800000)
  to   space 21504K, 0% used [0x0000000739400000,0x0000000739400000,0x000000073a900000)
 ParOldGen       total 344064K, used 9067K [0x00000005c9400000, 0x00000005de400000, 0x0000000718700000)
  object space 344064K, 2% used [0x00000005c9400000,0x00000005c9cdacd8,0x00000005de400000)
 Metaspace       used 12017K, capacity 12048K, committed 12160K, reserved 1060864K
  class space    used 1134K, capacity 1138K, committed 1152K, reserved 1048576K
Event: 5.817 GC heap after
Heap after GC invocations=4 (full 0):
 PSYoungGen      total 537600K, used 21504K [0x0000000718700000, 0x000000073a900000, 0x00000007c0000000)
  eden space 516096K, 0% used [0x0000000718700000,0x0000000718700000,0x0000000737f00000)
  from space 21504K, 100% used [0x0000000739400000,0x000000073a900000,0x000000073a900000)
  to   space 21504K, 0% used [0x0000000737f00000,0x0000000737f00000,0x0000000739400000)
 ParOldGen       total 344064K, used 17019K [0x00000005c9400000, 0x00000005de400000, 0x0000000718700000)
  object space 344064K, 4% used [0x00000005c9400000,0x00000005ca49ed30,0x00000005de400000)
 Metaspace       used 12017K, capacity 12048K, committed 12160K, reserved 1060864K
  class space    used 1134K, capacity 1138K, committed 1152K, reserved 1048576K
}
Event: 7.355 GC heap before
{Heap before GC invocations=5 (full 0):
 PSYoungGen      total 537600K, used 537600K [0x0000000718700000, 0x000000073a900000, 0x00000007c0000000)
  eden space 516096K, 100% used [0x0000000718700000,0x0000000737f00000,0x0000000737f00000)
  from space 21504K, 100% used [0x0000000739400000,0x000000073a900000,0x000000073a900000)
  to   space 21504K, 0% used [0x0000000737f00000,0x0000000737f00000,0x0000000739400000)
 ParOldGen       total 344064K, used 17019K [0x00000005c9400000, 0x00000005de400000, 0x0000000718700000)
  object space 344064K, 4% used [0x00000005c9400000,0x00000005ca49ed30,0x00000005de400000)
 Metaspace       used 12320K, capacity 12400K, committed 12544K, reserved 1060864K
  class space    used 1138K, capacity 1170K, committed 1280K, reserved 1048576K
Event: 7.411 GC heap after
Heap after GC invocations=5 (full 0):
 PSYoungGen      total 537600K, used 21477K [0x0000000718700000, 0x000000075cb00000, 0x00000007c0000000)
  eden space 516096K, 0% used [0x0000000718700000,0x0000000718700000,0x0000000737f00000)
  from space 21504K, 99% used [0x0000000737f00000,0x00000007393f9520,0x0000000739400000)
  to   space 43008K, 0% used [0x000000075a100000,0x000000075a100000,0x000000075cb00000)
 ParOldGen       total 344064K, used 36886K [0x00000005c9400000, 0x00000005de400000, 0x0000000718700000)
  object space 344064K, 10% used [0x00000005c9400000,0x00000005cb805b30,0x00000005de400000)
 Metaspace       used 12320K, capacity 12400K, committed 12544K, reserved 1060864K
  class space    used 1138K, capacity 1170K, committed 1280K, reserved 1048576K
}
Event: 8.655 GC heap before
{Heap before GC invocations=6 (full 0):
 PSYoungGen      total 537600K, used 537573K [0x0000000718700000, 0x000000075cb00000, 0x00000007c0000000)
  eden space 516096K, 100% used [0x0000000718700000,0x0000000737f00000,0x0000000737f00000)
  from space 21504K, 99% used [0x0000000737f00000,0x00000007393f9520,0x0000000739400000)
  to   space 43008K, 0% used [0x000000075a100000,0x000000075a100000,0x000000075cb00000)
 ParOldGen       total 344064K, used 36886K [0x00000005c9400000, 0x00000005de400000, 0x0000000718700000)
  object space 344064K, 10% used [0x00000005c9400000,0x00000005cb805b30,0x00000005de400000)
 Metaspace       used 12445K, capacity 12560K, committed 12800K, reserved 1060864K
  class space    used 1147K, capacity 1202K, committed 1280K, reserved 1048576K
Event: 8.753 GC heap after
Heap after GC invocations=6 (full 0):
 PSYoungGen      total 1063424K, used 42981K [0x0000000718700000, 0x000000075e200000, 0x00000007c0000000)
  eden space 1020416K, 0% used [0x0000000718700000,0x0000000718700000,0x0000000756b80000)
  from space 43008K, 99% used [0x000000075a100000,0x000000075caf9568,0x000000075cb00000)
  to   space 54784K, 0% used [0x0000000756b80000,0x0000000756b80000,0x000000075a100000)
 ParOldGen       total 344064K, used 47180K [0x00000005c9400000, 0x00000005de400000, 0x0000000718700000)
  object space 344064K, 13% used [0x00000005c9400000,0x00000005cc2131c8,0x00000005de400000)
 Metaspace       used 12445K, capacity 12560K, committed 12800K, reserved 1060864K
  class space    used 1147K, capacity 1202K, committed 1280K, reserved 1048576K
}
Event: 12.440 GC heap before
{Heap before GC invocations=7 (full 0):
 PSYoungGen      total 1063424K, used 1063397K [0x0000000718700000, 0x000000075e200000, 0x00000007c0000000)
  eden space 1020416K, 100% used [0x0000000718700000,0x0000000756b80000,0x0000000756b80000)
  from space 43008K, 99% used [0x000000075a100000,0x000000075caf9568,0x000000075cb00000)
  to   space 54784K, 0% used [0x0000000756b80000,0x0000000756b80000,0x000000075a100000)
 ParOldGen       total 344064K, used 47180K [0x00000005c9400000, 0x00000005de400000, 0x0000000718700000)
  object space 344064K, 13% used [0x00000005c9400000,0x00000005cc2131c8,0x00000005de400000)
 Metaspace       used 12561K, capacity 12688K, committed 12800K, reserved 1060864K
  class space    used 1151K, capacity 1202K, committed 1280K, reserved 1048576K

