# JRE version: OpenJDK Runtime Environment (8.0_232-b09) (build 1.8.0_232-b09)
# Java VM: OpenJDK 64-Bit Server VM (25.232-b09 mixed mode linux-amd64 compressed oops)
Heap:
 PSYoungGen      total 2114560K, used 75306K [0x0000000718700000, 0x00000007a0300000, 0x00000007c0000000)
  eden space 2023424K, 0% used [0x0000000718700000,0x0000000718700000,0x0000000793f00000)
  from space 91136K, 82% used [0x0000000793f00000,0x000000079888a8e0,0x0000000799800000)
  to   space 72704K, 0% used [0x0000000799800000,0x0000000799800000,0x000000079df00000)
 ParOldGen       total 344064K, used 108812K [0x00000005c9400000, 0x00000005de400000, 0x0000000718700000)
  object space 344064K, 31% used [0x00000005c9400000,0x00000005cfe43370,0x00000005de400000)
 Metaspace       used 12840K, capacity 12944K, committed 13056K, reserved 1060864K
  class space    used 1155K, capacity 1202K, committed 1280K, reserved 1048576K
GC Heap History (10 events):
Event: 5.651 GC heap after
Heap after GC invocations=4 (full 0):
 PSYoungGen      total 537600K, used 21504K [0x0000000718700000, 0x000000073a900000, 0x00000007c0000000)
  eden space 516096K, 0% used [0x0000000718700000,0x0000000718700000,0x0000000737f00000)
  from space 21504K, 100% used [0x0000000739400000,0x000000073a900000,0x000000073a900000)
  to   space 21504K, 0% used [0x0000000737f00000,0x0000000737f00000,0x0000000739400000)
 ParOldGen       total 344064K, used 17404K [0x00000005c9400000, 0x00000005de400000, 0x0000000718700000)
  object space 344064K, 5% used [0x00000005c9400000,0x00000005ca4ff1f8,0x00000005de400000)
 Metaspace       used 12075K, capacity 12112K, committed 12160K, reserved 1060864K
  class space    used 1134K, capacity 1138K, committed 1152K, reserved 1048576K
}
Event: 7.456 GC heap before
{Heap before GC invocations=5 (full 0):
 PSYoungGen      total 537600K, used 537600K [0x0000000718700000, 0x000000073a900000, 0x00000007c0000000)
  eden space 516096K, 100% used [0x0000000718700000,0x0000000737f00000,0x0000000737f00000)
  from space 21504K, 100% used [0x0000000739400000,0x000000073a900000,0x000000073a900000)
  to   space 21504K, 0% used [0x0000000737f00000,0x0000000737f00000,0x0000000739400000)
 ParOldGen       total 344064K, used 17404K [0x00000005c9400000, 0x00000005de400000, 0x0000000718700000)
  object space 344064K, 5% used [0x00000005c9400000,0x00000005ca4ff1f8,0x00000005de400000)
 Metaspace       used 12323K, capacity 12400K, committed 12544K, reserved 1060864K
  class space    used 1138K, capacity 1170K, committed 1280K, reserved 1048576K
Event: 7.517 GC heap after
Heap after GC invocations=5 (full 0):
 PSYoungGen      total 537600K, used 21475K [0x0000000718700000, 0x000000075cc00000, 0x00000007c0000000)
  eden space 516096K, 0% used [0x0000000718700000,0x0000000718700000,0x0000000737f00000)
  from space 21504K, 99% used [0x0000000737f00000,0x00000007393f8cb0,0x0000000739400000)
  to   space 43520K, 0% used [0x000000075a180000,0x000000075a180000,0x000000075cc00000)
 ParOldGen       total 344064K, used 37148K [0x00000005c9400000, 0x00000005de400000, 0x0000000718700000)
  object space 344064K, 10% used [0x00000005c9400000,0x00000005cb847328,0x00000005de400000)
 Metaspace       used 12323K, capacity 12400K, committed 12544K, reserved 1060864K
  class space    used 1138K, capacity 1170K, committed 1280K, reserved 1048576K
}
Event: 8.917 GC heap before
{Heap before GC invocations=6 (full 0):
 PSYoungGen      total 537600K, used 537571K [0x0000000718700000, 0x000000075cc00000, 0x00000007c0000000)
  eden space 516096K, 100% used [0x0000000718700000,0x0000000737f00000,0x0000000737f00000)
  from space 21504K, 99% used [0x0000000737f00000,0x00000007393f8cb0,0x0000000739400000)
  to   space 43520K, 0% used [0x000000075a180000,0x000000075a180000,0x000000075cc00000)
 ParOldGen       total 344064K, used 37148K [0x00000005c9400000, 0x00000005de400000, 0x0000000718700000)
  object space 344064K, 10% used [0x00000005c9400000,0x00000005cb847328,0x00000005de400000)
 Metaspace       used 12469K, capacity 12624K, committed 12800K, reserved 1060864K
  class space    used 1147K, capacity 1202K, committed 1280K, reserved 1048576K
Event: 8.997 GC heap after
Heap after GC invocations=6 (full 0):
 PSYoungGen      total 1064448K, used 43500K [0x0000000718700000, 0x000000075e200000, 0x00000007c0000000)
  eden space 1020928K, 0% used [0x0000000718700000,0x0000000718700000,0x0000000756c00000)
  from space 43520K, 99% used [0x000000075a180000,0x000000075cbfb180,0x000000075cc00000)
  to   space 54784K, 0% used [0x0000000756c00000,0x0000000756c00000,0x000000075a180000)
 ParOldGen       total 344064K, used 46941K [0x00000005c9400000, 0x00000005de400000, 0x0000000718700000)
  object space 344064K, 13% used [0x00000005c9400000,0x00000005cc1d75d0,0x00000005de400000)
 Metaspace       used 12469K, capacity 12624K, committed 12800K, reserved 1060864K
  class space    used 1147K, capacity 1202K, committed 1280K, reserved 1048576K
}
Event: 12.377 GC heap before
{Heap before GC invocations=7 (full 0):
 PSYoungGen      total 1064448K, used 1064428K [0x0000000718700000, 0x000000075e200000, 0x00000007c0000000)
  eden space 1020928K, 100% used [0x0000000718700000,0x0000000756c00000,0x0000000756c00000)
  from space 43520K, 99% used [0x000000075a180000,0x000000075cbfb180,0x000000075cc00000)
  to   space 54784K, 0% used [0x0000000756c00000,0x0000000756c00000,0x000000075a180000)
 ParOldGen       total 344064K, used 46941K [0x00000005c9400000, 0x00000005de400000, 0x0000000718700000)
  object space 344064K, 13% used [0x00000005c9400000,0x00000005cc1d75d0,0x00000005de400000)
 Metaspace       used 12560K, capacity 12688K, committed 12800K, reserved 1060864K
  class space    used 1151K, capacity 1202K, committed 1280K, reserved 1048576K
Event: 12.472 GC heap after
Heap after GC invocations=7 (full 0):
 PSYoungGen      total 1075712K, used 54782K [0x0000000718700000, 0x000000079df00000, 0x00000007c0000000)
  eden space 1020928K, 0% used [0x0000000718700000,0x0000000718700000,0x0000000756c00000)
  from space 54784K, 99% used [0x0000000756c00000,0x000000075a17f938,0x000000075a180000)
  to   space 72704K, 0% used [0x0000000799800000,0x0000000799800000,0x000000079df00000)
 ParOldGen       total 344064K, used 66121K [0x00000005c9400000, 0x00000005de400000, 0x0000000718700000)
  object space 344064K, 19% used [0x00000005c9400000,0x00000005cd492500,0x00000005de400000)
 Metaspace       used 12560K, capacity 12688K, committed 12800K, reserved 1060864K
  class space    used 1151K, capacity 1202K, committed 1280K, reserved 1048576K
}
Event: 14.995 GC heap before
{Heap before GC invocations=8 (full 0):
 PSYoungGen      total 1075712K, used 1075710K [0x0000000718700000, 0x000000079df00000, 0x00000007c0000000)
  eden space 1020928K, 100% used [0x0000000718700000,0x0000000756c00000,0x0000000756c00000)
  from space 54784K, 99% used [0x0000000756c00000,0x000000075a17f938,0x000000075a180000)
  to   space 72704K, 0% used [0x0000000799800000,0x0000000799800000,0x000000079df00000)
 ParOldGen       total 344064K, used 66121K [0x00000005c9400000, 0x00000005de400000, 0x0000000718700000)
  object space 344064K, 19% used [0x00000005c9400000,0x00000005cd492500,0x00000005de400000)
 Metaspace       used 12671K, capacity 12816K, committed 13056K, reserved 1060864K
  class space    used 1151K, capacity 1202K, committed 1280K, reserved 1048576K
Event: 15.081 GC heap after
Heap after GC invocations=8 (full 0):
 PSYoungGen      total 2096128K, used 72696K [0x0000000718700000, 0x00000007a0300000, 0x00000007c0000000)
  eden space 2023424K, 0% used [0x0000000718700000,0x0000000718700000,0x0000000793f00000)
  from space 72704K, 99% used [0x0000000799800000,0x000000079defe3a8,0x000000079df00000)
  to   space 91136K, 0% used [0x0000000793f00000,0x0000000793f00000,0x0000000799800000)
 ParOldGen       total 344064K, used 83132K [0x00000005c9400000, 0x00000005de400000, 0x0000000718700000)
  object space 344064K, 24% used [0x00000005c9400000,0x00000005ce52f2c8,0x00000005de400000)
 Metaspace       used 12671K, capacity 12816K, committed 13056K, reserved 1060864K
  class space    used 1151K, capacity 1202K, committed 1280K, reserved 1048576K
}
Event: 21.154 GC heap before
{Heap before GC invocations=9 (full 0):
 PSYoungGen      total 2096128K, used 2096120K [0x0000000718700000, 0x00000007a0300000, 0x00000007c0000000)
  eden space 2023424K, 100% used [0x0000000718700000,0x0000000793f00000,0x0000000793f00000)
  from space 72704K, 99% used [0x0000000799800000,0x000000079defe3a8,0x000000079df00000)
  to   space 91136K, 0% used [0x0000000793f00000,0x0000000793f00000,0x0000000799800000)
 ParOldGen       total 344064K, used 83132K [0x00000005c9400000, 0x00000005de400000, 0x0000000718700000)
  object space 344064K, 24% used [0x00000005c9400000,0x00000005ce52f2c8,0x00000005de400000)
 Metaspace       used 12840K, capacity 12944K, committed 13056K, reserved 1060864K
  class space    used 1155K, capacity 1202K, committed 1280K, reserved 1048576K

