# JRE version: OpenJDK Runtime Environment (8.0_232-b09) (build 1.8.0_232-b09)
# Java VM: OpenJDK 64-Bit Server VM (25.232-b09 mixed mode linux-amd64 compressed oops)
Heap:
 PSYoungGen      total 2114048K, used 72155K [0x0000000718700000, 0x00000007a0200000, 0x00000007c0000000)
  eden space 2023424K, 0% used [0x0000000718700000,0x0000000718700000,0x0000000793f00000)
  from space 90624K, 79% used [0x0000000793f00000,0x0000000798576f50,0x0000000799780000)
  to   space 72192K, 0% used [0x0000000799780000,0x0000000799780000,0x000000079de00000)
 ParOldGen       total 344064K, used 110409K [0x00000005c9400000, 0x00000005de400000, 0x0000000718700000)
  object space 344064K, 32% used [0x00000005c9400000,0x00000005cffd27a8,0x00000005de400000)
 Metaspace       used 12837K, capacity 12944K, committed 13056K, reserved 1060864K
  class space    used 1153K, capacity 1202K, committed 1280K, reserved 1048576K
GC Heap History (10 events):
Event: 5.420 GC heap after
Heap after GC invocations=4 (full 0):
 PSYoungGen      total 537600K, used 21488K [0x0000000718700000, 0x000000073a900000, 0x00000007c0000000)
  eden space 516096K, 0% used [0x0000000718700000,0x0000000718700000,0x0000000737f00000)
  from space 21504K, 99% used [0x0000000739400000,0x000000073a8fc010,0x000000073a900000)
  to   space 21504K, 0% used [0x0000000737f00000,0x0000000737f00000,0x0000000739400000)
 ParOldGen       total 344064K, used 17379K [0x00000005c9400000, 0x00000005de400000, 0x0000000718700000)
  object space 344064K, 5% used [0x00000005c9400000,0x00000005ca4f8e20,0x00000005de400000)
 Metaspace       used 12130K, capacity 12240K, committed 12416K, reserved 1060864K
  class space    used 1132K, capacity 1138K, committed 1152K, reserved 1048576K
}
Event: 7.180 GC heap before
{Heap before GC invocations=5 (full 0):
 PSYoungGen      total 537600K, used 537584K [0x0000000718700000, 0x000000073a900000, 0x00000007c0000000)
  eden space 516096K, 100% used [0x0000000718700000,0x0000000737f00000,0x0000000737f00000)
  from space 21504K, 99% used [0x0000000739400000,0x000000073a8fc010,0x000000073a900000)
  to   space 21504K, 0% used [0x0000000737f00000,0x0000000737f00000,0x0000000739400000)
 ParOldGen       total 344064K, used 17379K [0x00000005c9400000, 0x00000005de400000, 0x0000000718700000)
  object space 344064K, 5% used [0x00000005c9400000,0x00000005ca4f8e20,0x00000005de400000)
 Metaspace       used 12341K, capacity 12400K, committed 12544K, reserved 1060864K
  class space    used 1136K, capacity 1170K, committed 1280K, reserved 1048576K
Event: 7.260 GC heap after
Heap after GC invocations=5 (full 0):
 PSYoungGen      total 537600K, used 21475K [0x0000000718700000, 0x000000075cb00000, 0x00000007c0000000)
  eden space 516096K, 0% used [0x0000000718700000,0x0000000718700000,0x0000000737f00000)
  from space 21504K, 99% used [0x0000000737f00000,0x00000007393f8cb0,0x0000000739400000)
  to   space 43008K, 0% used [0x000000075a100000,0x000000075a100000,0x000000075cb00000)
 ParOldGen       total 344064K, used 36639K [0x00000005c9400000, 0x00000005de400000, 0x0000000718700000)
  object space 344064K, 10% used [0x00000005c9400000,0x00000005cb7c7cc8,0x00000005de400000)
 Metaspace       used 12341K, capacity 12400K, committed 12544K, reserved 1060864K
  class space    used 1136K, capacity 1170K, committed 1280K, reserved 1048576K
}
Event: 8.560 GC heap before
{Heap before GC invocations=6 (full 0):
 PSYoungGen      total 537600K, used 537571K [0x0000000718700000, 0x000000075cb00000, 0x00000007c0000000)
  eden space 516096K, 100% used [0x0000000718700000,0x0000000737f00000,0x0000000737f00000)
  from space 21504K, 99% used [0x0000000737f00000,0x00000007393f8cb0,0x0000000739400000)
  to   space 43008K, 0% used [0x000000075a100000,0x000000075a100000,0x000000075cb00000)
 ParOldGen       total 344064K, used 36639K [0x00000005c9400000, 0x00000005de400000, 0x0000000718700000)
  object space 344064K, 10% used [0x00000005c9400000,0x00000005cb7c7cc8,0x00000005de400000)
 Metaspace       used 12472K, capacity 12624K, committed 12800K, reserved 1060864K
  class space    used 1145K, capacity 1202K, committed 1280K, reserved 1048576K
Event: 8.660 GC heap after
Heap after GC invocations=6 (full 0):
 PSYoungGen      total 1063936K, used 42995K [0x0000000718700000, 0x000000075e100000, 0x00000007c0000000)
  eden space 1020928K, 0% used [0x0000000718700000,0x0000000718700000,0x0000000756c00000)
  from space 43008K, 99% used [0x000000075a100000,0x000000075cafccb0,0x000000075cb00000)
  to   space 54272K, 0% used [0x0000000756c00000,0x0000000756c00000,0x000000075a100000)
 ParOldGen       total 344064K, used 46552K [0x00000005c9400000, 0x00000005de400000, 0x0000000718700000)
  object space 344064K, 13% used [0x00000005c9400000,0x00000005cc1762d8,0x00000005de400000)
 Metaspace       used 12472K, capacity 12624K, committed 12800K, reserved 1060864K
  class space    used 1145K, capacity 1202K, committed 1280K, reserved 1048576K
}
Event: 12.372 GC heap before
{Heap before GC invocations=7 (full 0):
 PSYoungGen      total 1063936K, used 1063923K [0x0000000718700000, 0x000000075e100000, 0x00000007c0000000)
  eden space 1020928K, 100% used [0x0000000718700000,0x0000000756c00000,0x0000000756c00000)
  from space 43008K, 99% used [0x000000075a100000,0x000000075cafccb0,0x000000075cb00000)
  to   space 54272K, 0% used [0x0000000756c00000,0x0000000756c00000,0x000000075a100000)
 ParOldGen       total 344064K, used 46552K [0x00000005c9400000, 0x00000005de400000, 0x0000000718700000)
  object space 344064K, 13% used [0x00000005c9400000,0x00000005cc1762d8,0x00000005de400000)
 Metaspace       used 12574K, capacity 12688K, committed 12800K, reserved 1060864K
  class space    used 1149K, capacity 1202K, committed 1280K, reserved 1048576K
Event: 12.461 GC heap after
Heap after GC invocations=7 (full 0):
 PSYoungGen      total 1075200K, used 54249K [0x0000000718700000, 0x000000079de00000, 0x00000007c0000000)
  eden space 1020928K, 0% used [0x0000000718700000,0x0000000718700000,0x0000000756c00000)
  from space 54272K, 99% used [0x0000000756c00000,0x000000075a0fa6f0,0x000000075a100000)
  to   space 72192K, 0% used [0x0000000799780000,0x0000000799780000,0x000000079de00000)
 ParOldGen       total 344064K, used 65518K [0x00000005c9400000, 0x00000005de400000, 0x0000000718700000)
  object space 344064K, 19% used [0x00000005c9400000,0x00000005cd3fb998,0x00000005de400000)
 Metaspace       used 12574K, capacity 12688K, committed 12800K, reserved 1060864K
  class space    used 1149K, capacity 1202K, committed 1280K, reserved 1048576K
}
Event: 14.784 GC heap before
{Heap before GC invocations=8 (full 0):
 PSYoungGen      total 1075200K, used 1075177K [0x0000000718700000, 0x000000079de00000, 0x00000007c0000000)
  eden space 1020928K, 100% used [0x0000000718700000,0x0000000756c00000,0x0000000756c00000)
  from space 54272K, 99% used [0x0000000756c00000,0x000000075a0fa6f0,0x000000075a100000)
  to   space 72192K, 0% used [0x0000000799780000,0x0000000799780000,0x000000079de00000)
 ParOldGen       total 344064K, used 65518K [0x00000005c9400000, 0x00000005de400000, 0x0000000718700000)
  object space 344064K, 19% used [0x00000005c9400000,0x00000005cd3fb998,0x00000005de400000)
 Metaspace       used 12675K, capacity 12816K, committed 13056K, reserved 1060864K
  class space    used 1149K, capacity 1202K, committed 1280K, reserved 1048576K
Event: 14.862 GC heap after
Heap after GC invocations=8 (full 0):
 PSYoungGen      total 2095616K, used 72172K [0x0000000718700000, 0x00000007a0200000, 0x00000007c0000000)
  eden space 2023424K, 0% used [0x0000000718700000,0x0000000718700000,0x0000000793f00000)
  from space 72192K, 99% used [0x0000000799780000,0x000000079ddfb278,0x000000079de00000)
  to   space 90624K, 0% used [0x0000000793f00000,0x0000000793f00000,0x0000000799780000)
 ParOldGen       total 344064K, used 83840K [0x00000005c9400000, 0x00000005de400000, 0x0000000718700000)
  object space 344064K, 24% used [0x00000005c9400000,0x00000005ce5e0310,0x00000005de400000)
 Metaspace       used 12675K, capacity 12816K, committed 13056K, reserved 1060864K
  class space    used 1149K, capacity 1202K, committed 1280K, reserved 1048576K
}
Event: 20.793 GC heap before
{Heap before GC invocations=9 (full 0):
 PSYoungGen      total 2095616K, used 2095596K [0x0000000718700000, 0x00000007a0200000, 0x00000007c0000000)
  eden space 2023424K, 100% used [0x0000000718700000,0x0000000793f00000,0x0000000793f00000)
  from space 72192K, 99% used [0x0000000799780000,0x000000079ddfb278,0x000000079de00000)
  to   space 90624K, 0% used [0x0000000793f00000,0x0000000793f00000,0x0000000799780000)
 ParOldGen       total 344064K, used 83840K [0x00000005c9400000, 0x00000005de400000, 0x0000000718700000)
  object space 344064K, 24% used [0x00000005c9400000,0x00000005ce5e0310,0x00000005de400000)
 Metaspace       used 12837K, capacity 12944K, committed 13056K, reserved 1060864K
  class space    used 1153K, capacity 1202K, committed 1280K, reserved 1048576K

